Release 12.1 - xst M.53d (nt)
Copyright (c) 1995-2010 Xilinx, Inc.  All rights reserved.
--> Parameter TMPDIR set to xst/projnav.tmp


Total REAL time to Xst completion: 0.00 secs
Total CPU time to Xst completion: 0.23 secs
 
--> Parameter xsthdpdir set to xst


Total REAL time to Xst completion: 0.00 secs
Total CPU time to Xst completion: 0.23 secs
 
--> Reading design: Demo.prj

TABLE OF CONTENTS
  1) Synthesis Options Summary
  2) HDL Parsing
  3) HDL Elaboration
  4) HDL Synthesis
       4.1) HDL Synthesis Report
  5) Advanced HDL Synthesis
       5.1) Advanced HDL Synthesis Report
  6) Low Level Synthesis
  7) Partition Report
  8) Design Summary
       8.1) Primitive and Black Box Usage
       8.2) Device utilization summary
       8.3) Partition Resource Summary
       8.4) Timing Report
            8.4.1) Clock Information
            8.4.2) Asynchronous Control Signals Information
            8.4.3) Timing Summary
            8.4.4) Timing Details


=========================================================================
*                      Synthesis Options Summary                        *
=========================================================================
---- Source Parameters
Input File Name                    : "Demo.prj"
Input Format                       : mixed
Ignore Synthesis Constraint File   : NO

---- Target Parameters
Output File Name                   : "Demo"
Output Format                      : NGC
Target Device                      : xc6slx16-3-csg324

---- Source Options
Top Module Name                    : Demo
Automatic FSM Extraction           : YES
FSM Encoding Algorithm             : Auto
Safe Implementation                : No
FSM Style                          : lut
RAM Extraction                     : Yes
RAM Style                          : Auto
ROM Extraction                     : Yes
Shift Register Extraction          : YES
ROM Style                          : Auto
Resource Sharing                   : YES
Asynchronous To Synchronous        : NO
Shift Register Minimum Size        : 2
Use DSP Block                      : auto
Automatic Register Balancing       : No

---- Target Options
LUT Combining                      : auto
Reduce Control Sets                : auto
Add IO Buffers                     : YES
Global Maximum Fanout              : 100000
Add Generic Clock Buffer(BUFG)     : 16
Register Duplication               : YES
Optimize Instantiated Primitives   : NO
Use Clock Enable                   : Auto
Use Synchronous Set                : Auto
Use Synchronous Reset              : Auto
Pack IO Registers into IOBs        : auto
Equivalent register Removal        : YES

---- General Options
Optimization Goal                  : Speed
Optimization Effort                : 1
Power Reduction                    : NO
Library Search Order               : Demo.lso
Keep Hierarchy                     : NO
Netlist Hierarchy                  : as_optimized
RTL Output                         : Yes
Global Optimization                : AllClockNets
Read Cores                         : YES
Write Timing Constraints           : NO
Cross Clock Analysis               : NO
Hierarchy Separator                : /
Bus Delimiter                      : <>
Case Specifier                     : maintain
Slice Utilization Ratio            : 100
BRAM Utilization Ratio             : 100
DSP48 Utilization Ratio            : 100
Auto BRAM Packing                  : NO
Slice Utilization Ratio Delta      : 5

---- Other Options
Cores Search Directories           : {"ipcore_dir"  }

=========================================================================


=========================================================================
*                          HDL Parsing                                  *
=========================================================================
Parsing Verilog file "E:\CEME\7th Semester\Digital System Design\Lab 10\Lab_10\ipcore_dir\Core_For_Real_Time_Variable_Display.v" into library work
Parsing module <Core_For_Real_Time_Variable_Display>.
Parsing Verilog file "E:\CEME\7th Semester\Digital System Design\Lab 10\Lab_10\Demo.v" into library work
Parsing module <Demo>.

=========================================================================
*                            HDL Elaboration                            *
=========================================================================

Elaborating module <Demo>.

Elaborating module <Core_For_Real_Time_Variable_Display>.

=========================================================================
*                           HDL Synthesis                               *
=========================================================================

Synthesizing Unit <Demo>.
    Related source file is "e:/ceme/7th semester/digital system design/lab 10/lab_10/demo.v".
    Found 48-bit register for signal <regout>.
    Summary:
	inferred  48 D-type flip-flop(s).
Unit <Demo> synthesized.

=========================================================================
HDL Synthesis Report

Macro Statistics
# Registers                                            : 1
 48-bit register                                       : 1

=========================================================================

=========================================================================
*                       Advanced HDL Synthesis                          *
=========================================================================

Reading core <ipcore_dir/Core_For_Real_Time_Variable_Display.ngc>.
Loading core <Core_For_Real_Time_Variable_Display> for timing and area information for instance <RealTimeDisplay>.

=========================================================================
Advanced HDL Synthesis Report

Macro Statistics
# Registers                                            : 48
 Flip-Flops                                            : 48

=========================================================================

=========================================================================
*                         Low Level Synthesis                           *
=========================================================================

Optimizing unit <Demo> ...

Mapping all equations...
Building and optimizing final netlist ...
Found area constraint ratio of 100 (+ 5) on block Demo, actual ratio is 0.

Final Macro Processing ...

=========================================================================
Final Register Report

Macro Statistics
# Registers                                            : 48
 Flip-Flops                                            : 48

=========================================================================

=========================================================================
*                           Partition Report                            *
=========================================================================

Partition Implementation Status
-------------------------------

  No Partitions were found in this design.

-------------------------------

=========================================================================
*                            Design Summary                             *
=========================================================================

Top Level Output File Name         : Demo.ngc

Primitive and Black Box Usage:
------------------------------
# BELS                             : 2
#      GND                         : 1
#      VCC                         : 1
# FlipFlops/Latches                : 48
#      FD                          : 48
# Clock Buffers                    : 1
#      BUFGP                       : 1
# IO Buffers                       : 84
#      IBUF                        : 36
#      OBUF                        : 48
# DSPs                             : 1
#      DSP48A1                     : 1

Device utilization summary:
---------------------------

Selected Device : 6slx16csg324-3 


Slice Logic Utilization: 
 Number of Slice Registers:              48  out of  18224     0%  

Slice Logic Distribution: 
 Number of LUT Flip Flop pairs used:     48
   Number with an unused Flip Flop:       0  out of     48     0%  
   Number with an unused LUT:            48  out of     48   100%  
   Number of fully used LUT-FF pairs:     0  out of     48     0%  
   Number of unique control sets:         1

IO Utilization: 
 Number of IOs:                          85
 Number of bonded IOBs:                  85  out of    232    36%  

Specific Feature Utilization:
 Number of BUFG/BUFGCTRLs:                1  out of     16     6%  
 Number of DSP48A1s:                      1  out of     32     3%  

---------------------------
Partition Resource Summary:
---------------------------

  No Partitions were found in this design.

---------------------------


=========================================================================
Timing Report

NOTE: THESE TIMING NUMBERS ARE ONLY A SYNTHESIS ESTIMATE.
      FOR ACCURATE TIMING INFORMATION PLEASE REFER TO THE TRACE REPORT
      GENERATED AFTER PLACE-and-ROUTE.

Clock Information:
------------------
-----------------------------------+------------------------+-------+
Clock Signal                       | Clock buffer(FF name)  | Load  |
-----------------------------------+------------------------+-------+
clock                              | BUFGP                  | 48    |
-----------------------------------+------------------------+-------+

Asynchronous Control Signals Information:
----------------------------------------
No asynchronous control signals found in this design

Timing Summary:
---------------
Speed Grade: -3

   Minimum period: 4.935ns (Maximum Frequency: 202.630MHz)
   Minimum input arrival time before clock: 9.832ns
   Maximum output required time after clock: 7.576ns
   Maximum combinational path delay: 12.473ns

Timing Details:
---------------
All values displayed in nanoseconds (ns)

=========================================================================
Timing constraint: Default period analysis for Clock 'clock'
  Clock period: 4.935ns (frequency: 202.630MHz)
  Total number of paths / destination ports: 2304 / 48
-------------------------------------------------------------------------
Delay:               4.935ns (Levels of Logic = 3)
  Source:            regout_12 (FF)
  Destination:       regout_0 (FF)
  Source Clock:      clock rising
  Destination Clock: clock rising

  Data Path: regout_12 to regout_0
                                Gate     Net
    Cell:in->out      fanout   Delay   Delay  Logical Name (Net Name)
    ----------------------------------------  ------------
     FD:C->Q               1   0.525   0.579  regout_12 (regout_12)
     begin scope: 'RealTimeDisplay'
     begin scope: 'BU2'
     DSP48A1:C12->P6       2   3.141   0.616  U0/i_synth_option.i_synth_model/opt_sp6.i_uniwrap/i_primitive (p(6))
     end scope: 'BU2'
     end scope: 'RealTimeDisplay'
     FD:D                      0.074          regout_6
    ----------------------------------------
    Total                      4.935ns (3.740ns logic, 1.195ns route)
                                       (75.8% logic, 24.2% route)

=========================================================================
Timing constraint: Default OFFSET IN BEFORE for Clock 'clock'
  Total number of paths / destination ports: 1728 / 48
-------------------------------------------------------------------------
Offset:              9.832ns (Levels of Logic = 4)
  Source:            a<0> (PAD)
  Destination:       regout_0 (FF)
  Destination Clock: clock rising

  Data Path: a<0> to regout_0
                                Gate     Net
    Cell:in->out      fanout   Delay   Delay  Logical Name (Net Name)
    ----------------------------------------  ------------
     IBUF:I->O             1   1.228   0.579  a_0_IBUF (a_0_IBUF)
     begin scope: 'RealTimeDisplay'
     begin scope: 'BU2'
     DSP48A1:B0->P6        2   7.335   0.616  U0/i_synth_option.i_synth_model/opt_sp6.i_uniwrap/i_primitive (p(6))
     end scope: 'BU2'
     end scope: 'RealTimeDisplay'
     FD:D                      0.074          regout_6
    ----------------------------------------
    Total                      9.832ns (8.637ns logic, 1.195ns route)
                                       (87.8% logic, 12.2% route)

=========================================================================
Timing constraint: Default OFFSET OUT AFTER for Clock 'clock'
  Total number of paths / destination ports: 2304 / 48
-------------------------------------------------------------------------
Offset:              7.576ns (Levels of Logic = 4)
  Source:            regout_12 (FF)
  Destination:       out<47> (PAD)
  Source Clock:      clock rising

  Data Path: regout_12 to out<47>
                                Gate     Net
    Cell:in->out      fanout   Delay   Delay  Logical Name (Net Name)
    ----------------------------------------  ------------
     FD:C->Q               1   0.525   0.579  regout_12 (regout_12)
     begin scope: 'RealTimeDisplay'
     begin scope: 'BU2'
     DSP48A1:C12->P6       2   3.141   0.616  U0/i_synth_option.i_synth_model/opt_sp6.i_uniwrap/i_primitive (p(6))
     end scope: 'BU2'
     end scope: 'RealTimeDisplay'
     OBUF:I->O                 2.715          out_6_OBUF (out<6>)
    ----------------------------------------
    Total                      7.576ns (6.381ns logic, 1.195ns route)
                                       (84.2% logic, 15.8% route)

=========================================================================
Timing constraint: Default path analysis
  Total number of paths / destination ports: 1728 / 48
-------------------------------------------------------------------------
Delay:               12.473ns (Levels of Logic = 5)
  Source:            a<0> (PAD)
  Destination:       out<47> (PAD)

  Data Path: a<0> to out<47>
                                Gate     Net
    Cell:in->out      fanout   Delay   Delay  Logical Name (Net Name)
    ----------------------------------------  ------------
     IBUF:I->O             1   1.228   0.579  a_0_IBUF (a_0_IBUF)
     begin scope: 'RealTimeDisplay'
     begin scope: 'BU2'
     DSP48A1:B0->P6        2   7.335   0.616  U0/i_synth_option.i_synth_model/opt_sp6.i_uniwrap/i_primitive (p(6))
     end scope: 'BU2'
     end scope: 'RealTimeDisplay'
     OBUF:I->O                 2.715          out_6_OBUF (out<6>)
    ----------------------------------------
    Total                     12.473ns (11.278ns logic, 1.195ns route)
                                       (90.4% logic, 9.6% route)

=========================================================================


Total REAL time to Xst completion: 11.00 secs
Total CPU time to Xst completion: 11.03 secs
 
--> 

Total memory usage is 190280 kilobytes

Number of errors   :    0 (   0 filtered)
Number of warnings :    0 (   0 filtered)
Number of infos    :    0 (   0 filtered)

