SET_PARAMETER p_full_width 48
SET_PARAMETER b_width 18
SET_PARAMETER has_p_ce false
SET_PARAMETER a_width 18
SET_PARAMETER has_bcout false
SET_PARAMETER has_m_sclr false
SET_PARAMETER has_m_ce false
SET_PARAMETER instruction_list #
SET_PARAMETER c_binarywidth 0
SET_PARAMETER preg_6 false
SET_PARAMETER tier_1 false
SET_PARAMETER tier_2 false
SET_PARAMETER has_c_sclr false
SET_PARAMETER tier_3 false
SET_PARAMETER tier_4 false
SET_PARAMETER tier_5 false
SET_PARAMETER tier_6 false
SET_PARAMETER has_concat_sclr false
SET_PARAMETER instruction1 A*B+C
SET_PARAMETER output_properties Full_Precision
SET_PARAMETER areg_1 false
SET_PARAMETER instruction2 #
SET_PARAMETER areg_2 false
SET_PARAMETER instruction3 #
SET_PARAMETER areg_3 false
SET_PARAMETER instruction4 #
SET_PARAMETER areg_4 false
SET_PARAMETER instruction5 #
SET_PARAMETER instruction6 #
SET_PARAMETER instruction7 #
SET_PARAMETER instruction8 #
SET_PARAMETER has_d_ce false
SET_PARAMETER gui_behaviour Coregen
SET_PARAMETER has_sel_ce false
SET_PARAMETER has_a_ce false
SET_PARAMETER has_d_sclr false
SET_PARAMETER has_pcout false
SET_PARAMETER use_dsp48 true
SET_PARAMETER breg_1 false
SET_PARAMETER breg_2 false
SET_PARAMETER p_width 48
SET_PARAMETER breg_3 false
SET_PARAMETER breg_4 false
SET_PARAMETER a_binarywidth 0
SET_PARAMETER concatreg_3 false
SET_PARAMETER concatreg_4 false
SET_PARAMETER concatreg_5 false
SET_PARAMETER component_name hu
SET_PARAMETER opreg_1 false
SET_PARAMETER opreg_2 false
SET_PARAMETER opreg_3 false
SET_PARAMETER opreg_4 false
SET_PARAMETER opreg_5 false
SET_PARAMETER has_carryout false
SET_PARAMETER mreg_5 false
SET_PARAMETER concat_width 48
SET_PARAMETER creg_1 false
SET_PARAMETER creg_2 false
SET_PARAMETER has_c_ce false
SET_PARAMETER creg_3 false
SET_PARAMETER creg_4 false
SET_PARAMETER creg_5 false
SET_PARAMETER show_filtered false
SET_PARAMETER has_p_sclr false
SET_PARAMETER concat_binarywidth 0
SET_PARAMETER has_sel_sclr false
SET_PARAMETER pipeline_options Expert
SET_PARAMETER has_concat_ce false
SET_PARAMETER b_binarywidth 0
SET_PARAMETER has_a_sclr false
SET_PARAMETER has_sclr false
SET_PARAMETER dreg_1 false
SET_PARAMETER dreg_2 false
SET_PARAMETER has_acout false
SET_PARAMETER dreg_3 false
SET_PARAMETER cinreg_1 false
SET_PARAMETER cinreg_2 false
SET_PARAMETER p_binarywidth 0
SET_PARAMETER cinreg_3 false
SET_PARAMETER cinreg_4 false
SET_PARAMETER cinreg_5 false
SET_PARAMETER d_binarywidth 0
SET_PARAMETER d_width 18
SET_PARAMETER has_ce false
SET_PARAMETER pcin_binarywidth 0
SET_PARAMETER c_width 48
SET_PARAMETER has_b_sclr false
SET_PARAMETER has_carrycascout false
SET_PARAMETER has_b_ce false
SET_ERROR_CODE 2
SET_ERROR_MSG  CANCEL: Customization cancelled.
SET_ERROR_TEXT Finished initializing IP model.	
