--------------------------------------------------------------------------------
Release 14.5 Trace  (nt)
Copyright (c) 1995-2012 Xilinx, Inc.  All rights reserved.

F:\14.5\ISE_DS\ISE\bin\nt\unwrapped\trce.exe -intstyle ise -v 3 -s 3 -n 3
-fastpaths -xml code.twx code.ncd -o code.twr code.pcf

Design file:              code.ncd
Physical constraint file: code.pcf
Device,package,speed:     xc6slx16,csg324,C,-3 (PRODUCTION 1.23 2013-03-26)
Report level:             verbose report

Environment Variable      Effect 
--------------------      ------ 
NONE                      No environment variables were set
--------------------------------------------------------------------------------

INFO:Timing:2698 - No timing constraints found, doing default enumeration.
INFO:Timing:3412 - To improve timing, see the Timing Closure User Guide (UG612).
INFO:Timing:2752 - To get complete path coverage, use the unconstrained paths 
   option. All paths that are not constrained will be reported in the 
   unconstrained paths section(s) of the report.
INFO:Timing:3339 - The clock-to-out numbers in this timing report are based on 
   a 50 Ohm transmission line loading model.  For the details of this model, 
   and for more information on accounting for different loading conditions, 
   please see the device datasheet.



Data Sheet report:
-----------------
All values displayed in nanoseconds (ns)

Setup/Hold to clock clk
------------+------------+------------+------------+------------+------------------+--------+
            |Max Setup to|  Process   |Max Hold to |  Process   |                  | Clock  |
Source      | clk (edge) |   Corner   | clk (edge) |   Corner   |Internal Clock(s) | Phase  |
------------+------------+------------+------------+------------+------------------+--------+
rst         |    0.925(R)|      FAST  |   -0.140(R)|      SLOW  |clk_BUFGP         |   0.000|
x<0>        |    0.369(R)|      FAST  |    0.476(R)|      SLOW  |clk_BUFGP         |   0.000|
x<1>        |    0.495(R)|      FAST  |    0.274(R)|      SLOW  |clk_BUFGP         |   0.000|
x<2>        |    0.648(R)|      FAST  |    0.137(R)|      SLOW  |clk_BUFGP         |   0.000|
x<3>        |    0.475(R)|      FAST  |    0.337(R)|      SLOW  |clk_BUFGP         |   0.000|
x<4>        |    0.350(R)|      FAST  |    0.495(R)|      SLOW  |clk_BUFGP         |   0.000|
x<5>        |    0.637(R)|      FAST  |    0.074(R)|      SLOW  |clk_BUFGP         |   0.000|
x<6>        |    0.742(R)|      FAST  |    0.025(R)|      SLOW  |clk_BUFGP         |   0.000|
x<7>        |    0.948(R)|      FAST  |   -0.287(R)|      SLOW  |clk_BUFGP         |   0.000|
------------+------------+------------+------------+------------+------------------+--------+

Clock clk to Pad
------------+-----------------+------------+-----------------+------------+------------------+--------+
            |Max (slowest) clk|  Process   |Min (fastest) clk|  Process   |                  | Clock  |
Destination |  (edge) to PAD  |   Corner   |  (edge) to PAD  |   Corner   |Internal Clock(s) | Phase  |
------------+-----------------+------------+-----------------+------------+------------------+--------+
t3<0>       |         9.571(R)|      SLOW  |         4.280(R)|      FAST  |clk_BUFGP         |   0.000|
t3<1>       |         9.658(R)|      SLOW  |         4.326(R)|      FAST  |clk_BUFGP         |   0.000|
t3<2>       |        10.018(R)|      SLOW  |         4.452(R)|      FAST  |clk_BUFGP         |   0.000|
t3<3>       |         9.886(R)|      SLOW  |         4.394(R)|      FAST  |clk_BUFGP         |   0.000|
t3<4>       |         9.861(R)|      SLOW  |         4.089(R)|      FAST  |clk_BUFGP         |   0.000|
t3<5>       |         9.948(R)|      SLOW  |         4.200(R)|      FAST  |clk_BUFGP         |   0.000|
t3<6>       |         8.935(R)|      SLOW  |         4.386(R)|      FAST  |clk_BUFGP         |   0.000|
t3<7>       |         9.449(R)|      SLOW  |         4.151(R)|      FAST  |clk_BUFGP         |   0.000|
y<0>        |         9.944(R)|      SLOW  |         4.099(R)|      FAST  |clk_BUFGP         |   0.000|
y<1>        |        10.211(R)|      SLOW  |         4.206(R)|      FAST  |clk_BUFGP         |   0.000|
y<2>        |        10.164(R)|      SLOW  |         4.167(R)|      FAST  |clk_BUFGP         |   0.000|
y<3>        |        10.379(R)|      SLOW  |         4.228(R)|      FAST  |clk_BUFGP         |   0.000|
y<4>        |         9.961(R)|      SLOW  |         3.964(R)|      FAST  |clk_BUFGP         |   0.000|
y<5>        |        10.295(R)|      SLOW  |         4.095(R)|      FAST  |clk_BUFGP         |   0.000|
y<6>        |        10.190(R)|      SLOW  |         4.095(R)|      FAST  |clk_BUFGP         |   0.000|
y<7>        |        10.265(R)|      SLOW  |         4.066(R)|      FAST  |clk_BUFGP         |   0.000|
------------+-----------------+------------+-----------------+------------+------------------+--------+

Clock to Setup on destination clock clk
---------------+---------+---------+---------+---------+
               | Src:Rise| Src:Fall| Src:Rise| Src:Fall|
Source Clock   |Dest:Rise|Dest:Rise|Dest:Fall|Dest:Fall|
---------------+---------+---------+---------+---------+
clk            |    1.318|         |         |         |
---------------+---------+---------+---------+---------+

Pad to Pad
---------------+---------------+---------+
Source Pad     |Destination Pad|  Delay  |
---------------+---------------+---------+
x<0>           |t3<0>          |    8.196|
x<0>           |t3<1>          |    8.283|
x<0>           |t3<2>          |    8.643|
x<0>           |t3<3>          |    8.511|
x<0>           |t3<4>          |    8.486|
x<0>           |t3<5>          |    8.573|
x<0>           |t3<6>          |    7.560|
x<0>           |t3<7>          |    8.074|
x<0>           |y<0>           |    8.569|
x<0>           |y<1>           |    8.836|
x<0>           |y<2>           |    8.789|
x<0>           |y<3>           |    9.004|
x<0>           |y<4>           |    8.586|
x<0>           |y<5>           |    8.920|
x<0>           |y<6>           |    8.815|
x<0>           |y<7>           |    8.890|
x<1>           |t3<0>          |    7.900|
x<1>           |t3<1>          |    7.987|
x<1>           |t3<2>          |    8.347|
x<1>           |t3<3>          |    8.215|
x<1>           |t3<4>          |    8.190|
x<1>           |t3<5>          |    8.277|
x<1>           |t3<6>          |    7.264|
x<1>           |t3<7>          |    7.778|
x<1>           |y<0>           |    8.273|
x<1>           |y<1>           |    8.540|
x<1>           |y<2>           |    8.493|
x<1>           |y<3>           |    8.708|
x<1>           |y<4>           |    8.290|
x<1>           |y<5>           |    8.624|
x<1>           |y<6>           |    8.519|
x<1>           |y<7>           |    8.594|
x<2>           |t3<0>          |    7.888|
x<2>           |t3<1>          |    7.975|
x<2>           |t3<2>          |    8.335|
x<2>           |t3<3>          |    8.203|
x<2>           |t3<4>          |    8.178|
x<2>           |t3<5>          |    8.265|
x<2>           |t3<6>          |    7.252|
x<2>           |t3<7>          |    7.766|
x<2>           |y<0>           |    8.261|
x<2>           |y<1>           |    8.528|
x<2>           |y<2>           |    8.481|
x<2>           |y<3>           |    8.696|
x<2>           |y<4>           |    8.278|
x<2>           |y<5>           |    8.612|
x<2>           |y<6>           |    8.507|
x<2>           |y<7>           |    8.582|
x<3>           |t3<0>          |    7.746|
x<3>           |t3<1>          |    7.833|
x<3>           |t3<2>          |    8.193|
x<3>           |t3<3>          |    8.061|
x<3>           |t3<4>          |    8.036|
x<3>           |t3<5>          |    8.123|
x<3>           |t3<6>          |    7.110|
x<3>           |t3<7>          |    7.624|
x<3>           |y<0>           |    8.119|
x<3>           |y<1>           |    8.386|
x<3>           |y<2>           |    8.339|
x<3>           |y<3>           |    8.554|
x<3>           |y<4>           |    8.136|
x<3>           |y<5>           |    8.470|
x<3>           |y<6>           |    8.365|
x<3>           |y<7>           |    8.440|
x<4>           |t3<0>          |    8.038|
x<4>           |t3<1>          |    8.125|
x<4>           |t3<2>          |    8.485|
x<4>           |t3<3>          |    8.353|
x<4>           |t3<4>          |    8.328|
x<4>           |t3<5>          |    8.415|
x<4>           |t3<6>          |    7.402|
x<4>           |t3<7>          |    7.916|
x<4>           |y<0>           |    8.411|
x<4>           |y<1>           |    8.678|
x<4>           |y<2>           |    8.631|
x<4>           |y<3>           |    8.846|
x<4>           |y<4>           |    8.428|
x<4>           |y<5>           |    8.762|
x<4>           |y<6>           |    8.657|
x<4>           |y<7>           |    8.732|
x<5>           |t3<0>          |    7.803|
x<5>           |t3<1>          |    7.890|
x<5>           |t3<2>          |    8.250|
x<5>           |t3<3>          |    8.118|
x<5>           |t3<4>          |    8.093|
x<5>           |t3<5>          |    8.180|
x<5>           |t3<6>          |    7.167|
x<5>           |t3<7>          |    7.681|
x<5>           |y<0>           |    8.176|
x<5>           |y<1>           |    8.443|
x<5>           |y<2>           |    8.396|
x<5>           |y<3>           |    8.611|
x<5>           |y<4>           |    8.193|
x<5>           |y<5>           |    8.527|
x<5>           |y<6>           |    8.422|
x<5>           |y<7>           |    8.497|
x<6>           |t3<0>          |    7.836|
x<6>           |t3<1>          |    7.923|
x<6>           |t3<2>          |    8.283|
x<6>           |t3<3>          |    8.151|
x<6>           |t3<4>          |    8.126|
x<6>           |t3<5>          |    8.213|
x<6>           |t3<6>          |    7.200|
x<6>           |t3<7>          |    7.714|
x<6>           |y<0>           |    8.209|
x<6>           |y<1>           |    8.476|
x<6>           |y<2>           |    8.429|
x<6>           |y<3>           |    8.644|
x<6>           |y<4>           |    8.226|
x<6>           |y<5>           |    8.560|
x<6>           |y<6>           |    8.455|
x<6>           |y<7>           |    8.530|
x<7>           |t3<0>          |    6.437|
x<7>           |t3<1>          |    6.524|
x<7>           |t3<2>          |    6.674|
x<7>           |t3<3>          |    6.542|
x<7>           |t3<4>          |    6.528|
x<7>           |t3<5>          |    6.615|
x<7>           |t3<7>          |    6.343|
x<7>           |y<0>           |    8.160|
x<7>           |y<1>           |    8.427|
x<7>           |y<2>           |    8.380|
x<7>           |y<3>           |    8.595|
x<7>           |y<4>           |    8.177|
x<7>           |y<5>           |    8.511|
x<7>           |y<6>           |    8.406|
x<7>           |y<7>           |    8.481|
---------------+---------------+---------+


Analysis completed Thu Nov 30 13:29:38 2017 
--------------------------------------------------------------------------------

Trace Settings:
-------------------------
Trace Settings 

Peak Memory Usage: 171 MB



